0 info it worked if it ends with ok
1 verbose cli [ 'C:\\Program Files\\nodejs\\node.exe',
1 verbose cli   'C:\\Program Files\\nodejs\\node_modules\\npm\\bin\\npm-cli.js',
1 verbose cli   'install',
1 verbose cli   'rita' ]
2 info using npm@2.15.0
3 info using node@v4.4.2
4 verbose config Skipping project config: C:\Users\SANJANA/.npmrc. (matches userconfig)
5 verbose install initial load of C:\Users\SANJANA\package.json
6 verbose stack Error: Failed to parse json
6 verbose stack Unexpected token 'd' at 11:4
6 verbose stack   "dependencies": {
6 verbose stack    ^
6 verbose stack     at parseError (C:\Program Files\nodejs\node_modules\npm\node_modules\read-package-json\read-json.js:379:11)
6 verbose stack     at parseJson (C:\Program Files\nodejs\node_modules\npm\node_modules\read-package-json\read-json.js:68:23)
6 verbose stack     at C:\Program Files\nodejs\node_modules\npm\node_modules\read-package-json\read-json.js:48:5
6 verbose stack     at C:\Program Files\nodejs\node_modules\npm\node_modules\graceful-fs\graceful-fs.js:78:16
6 verbose stack     at FSReqWrap.readFileAfterClose [as oncomplete] (fs.js:380:3)
7 verbose cwd C:\Users\SANJANA\documents\_gatech\semester1\digital media prototyping\projects\project2\p5\js
8 error Windows_NT 10.0.14393
9 error argv "C:\\Program Files\\nodejs\\node.exe" "C:\\Program Files\\nodejs\\node_modules\\npm\\bin\\npm-cli.js" "install" "rita"
10 error node v4.4.2
11 error npm  v2.15.0
12 error file C:\Users\SANJANA\package.json
13 error code EJSONPARSE
14 error Failed to parse json
14 error Unexpected token 'd' at 11:4
14 error   "dependencies": {
14 error    ^
15 error File: C:\Users\SANJANA\package.json
16 error Failed to parse package.json data.
16 error package.json must be actual JSON, not just JavaScript.
16 error
16 error This is not a bug in npm.
16 error Tell the package author to fix their package.json file. JSON.parse
17 verbose exit [ 1, true ]
